This file contains any messages produced by compilers while
running configure, to aid debugging if configure makes a mistake.

It was created by configure, which was
generated by GNU Autoconf 2.69.  Invocation command line was

  $ ./configure --no-create --no-recursion

## --------- ##
## Platform. ##
## --------- ##

hostname = gremlin
uname -m = x86_64
uname -r = 3.12.6-1-ARCH
uname -s = Linux
uname -v = #1 SMP PREEMPT Fri Dec 20 19:39:00 CET 2013

/usr/bin/uname -p = unknown
/bin/uname -X     = unknown

/bin/arch              = unknown
/usr/bin/arch -k       = unknown
/usr/convex/getsysinfo = unknown
/usr/bin/hostinfo      = unknown
/bin/machine           = unknown
/usr/bin/oslevel       = unknown
/bin/universe          = unknown

PATH: /usr/local/sbin
PATH: /usr/local/bin
PATH: /usr/bin
PATH: /usr/bin/vendor_perl
PATH: /usr/bin/core_perl


## ----------- ##
## Core tests. ##
## ----------- ##

configure:2832: checking build system type
configure:2846: result: x86_64-unknown-linux-gnu
configure:2866: checking host system type
configure:2879: result: x86_64-unknown-linux-gnu
configure:2899: checking target system type
configure:2912: result: x86_64-unknown-linux-gnu
configure:2961: checking for a BSD-compatible install
configure:3029: result: /usr/bin/install -c
configure:3040: checking whether build environment is sane
configure:3077: result: yes
configure:3139: checking for gawk
configure:3155: found /usr/bin/gawk
configure:3166: result: gawk
configure:3177: checking whether make sets $(MAKE)
configure:3199: result: yes
configure:3444: checking for gcc
configure:3460: found /usr/bin/gcc
configure:3471: result: gcc
configure:3700: checking for C compiler version
configure:3709: gcc --version >&5
gcc (GCC) 4.8.2 20131219 (prerelease)
Copyright (C) 2013 Free Software Foundation, Inc.
This is free software; see the source for copying conditions.  There is NO
warranty; not even for MERCHANTABILITY or FITNESS FOR A PARTICULAR PURPOSE.

configure:3720: $? = 0
configure:3709: gcc -v >&5
Using built-in specs.
COLLECT_GCC=gcc
COLLECT_LTO_WRAPPER=/usr/lib/gcc/x86_64-unknown-linux-gnu/4.8.2/lto-wrapper
Target: x86_64-unknown-linux-gnu
Configured with: /build/gcc/src/gcc-4.8-20131219/configure --prefix=/usr --libdir=/usr/lib --libexecdir=/usr/lib --mandir=/usr/share/man --infodir=/usr/share/info --with-bugurl=https://bugs.archlinux.org/ --enable-languages=c,c++,ada,fortran,go,lto,objc,obj-c++ --enable-shared --enable-threads=posix --with-system-zlib --enable-__cxa_atexit --disable-libunwind-exceptions --enable-clocale=gnu --disable-libstdcxx-pch --disable-libssp --enable-gnu-unique-object --enable-linker-build-id --enable-cloog-backend=isl --disable-cloog-version-check --enable-lto --enable-plugin --enable-install-libiberty --with-linker-hash-style=gnu --disable-multilib --disable-werror --enable-checking=release
Thread model: posix
gcc version 4.8.2 20131219 (prerelease) (GCC) 
configure:3720: $? = 0
configure:3709: gcc -V >&5
gcc: error: unrecognized command line option '-V'
gcc: fatal error: no input files
compilation terminated.
configure:3720: $? = 1
configure:3709: gcc -qversion >&5
gcc: error: unrecognized command line option '-qversion'
gcc: fatal error: no input files
compilation terminated.
configure:3720: $? = 1
configure:3740: checking whether the C compiler works
configure:3762: gcc    conftest.c  >&5
configure:3766: $? = 0
configure:3814: result: yes
configure:3817: checking for C compiler default output file name
configure:3819: result: a.out
configure:3825: checking for suffix of executables
configure:3832: gcc -o conftest    conftest.c  >&5
configure:3836: $? = 0
configure:3858: result: 
configure:3880: checking whether we are cross compiling
configure:3888: gcc -o conftest    conftest.c  >&5
configure:3892: $? = 0
configure:3899: ./conftest
configure:3903: $? = 0
configure:3918: result: no
configure:3923: checking for suffix of object files
configure:3945: gcc -c   conftest.c >&5
configure:3949: $? = 0
configure:3970: result: o
configure:3974: checking whether we are using the GNU C compiler
configure:3993: gcc -c   conftest.c >&5
configure:3993: $? = 0
configure:4002: result: yes
configure:4011: checking whether gcc accepts -g
configure:4031: gcc -c -g  conftest.c >&5
configure:4031: $? = 0
configure:4072: result: yes
configure:4089: checking for gcc option to accept ISO C89
configure:4152: gcc  -c -g -O2  conftest.c >&5
configure:4152: $? = 0
configure:4165: result: none needed
configure:4196: checking for style of include used by make
configure:4224: result: GNU
configure:4252: checking dependency style of gcc
configure:4342: result: gcc3
configure:4364: checking how to run the C preprocessor
configure:4395: gcc -E  conftest.c
configure:4395: $? = 0
configure:4409: gcc -E  conftest.c
conftest.c:11:28: fatal error: ac_nonexistent.h: No such file or directory
 #include <ac_nonexistent.h>
                            ^
compilation terminated.
configure:4409: $? = 1
configure: failed program was:
| /* confdefs.h */
| #define PACKAGE_NAME ""
| #define PACKAGE_TARNAME ""
| #define PACKAGE_VERSION ""
| #define PACKAGE_STRING ""
| #define PACKAGE_BUGREPORT ""
| #define PACKAGE_URL ""
| #define PACKAGE "audiere"
| #define VERSION "1.9.4"
| /* end confdefs.h.  */
| #include <ac_nonexistent.h>
configure:4434: result: gcc -E
configure:4454: gcc -E  conftest.c
configure:4454: $? = 0
configure:4468: gcc -E  conftest.c
conftest.c:11:28: fatal error: ac_nonexistent.h: No such file or directory
 #include <ac_nonexistent.h>
                            ^
compilation terminated.
configure:4468: $? = 1
configure: failed program was:
| /* confdefs.h */
| #define PACKAGE_NAME ""
| #define PACKAGE_TARNAME ""
| #define PACKAGE_VERSION ""
| #define PACKAGE_STRING ""
| #define PACKAGE_BUGREPORT ""
| #define PACKAGE_URL ""
| #define PACKAGE "audiere"
| #define VERSION "1.9.4"
| /* end confdefs.h.  */
| #include <ac_nonexistent.h>
configure:4554: checking for g++
configure:4570: found /usr/bin/g++
configure:4581: result: g++
configure:4608: checking for C++ compiler version
configure:4617: g++ --version >&5
g++ (GCC) 4.8.2 20131219 (prerelease)
Copyright (C) 2013 Free Software Foundation, Inc.
This is free software; see the source for copying conditions.  There is NO
warranty; not even for MERCHANTABILITY or FITNESS FOR A PARTICULAR PURPOSE.

configure:4628: $? = 0
configure:4617: g++ -v >&5
Using built-in specs.
COLLECT_GCC=g++
COLLECT_LTO_WRAPPER=/usr/lib/gcc/x86_64-unknown-linux-gnu/4.8.2/lto-wrapper
Target: x86_64-unknown-linux-gnu
Configured with: /build/gcc/src/gcc-4.8-20131219/configure --prefix=/usr --libdir=/usr/lib --libexecdir=/usr/lib --mandir=/usr/share/man --infodir=/usr/share/info --with-bugurl=https://bugs.archlinux.org/ --enable-languages=c,c++,ada,fortran,go,lto,objc,obj-c++ --enable-shared --enable-threads=posix --with-system-zlib --enable-__cxa_atexit --disable-libunwind-exceptions --enable-clocale=gnu --disable-libstdcxx-pch --disable-libssp --enable-gnu-unique-object --enable-linker-build-id --enable-cloog-backend=isl --disable-cloog-version-check --enable-lto --enable-plugin --enable-install-libiberty --with-linker-hash-style=gnu --disable-multilib --disable-werror --enable-checking=release
Thread model: posix
gcc version 4.8.2 20131219 (prerelease) (GCC) 
configure:4628: $? = 0
configure:4617: g++ -V >&5
g++: error: unrecognized command line option '-V'
g++: fatal error: no input files
compilation terminated.
configure:4628: $? = 1
configure:4617: g++ -qversion >&5
g++: error: unrecognized command line option '-qversion'
g++: fatal error: no input files
compilation terminated.
configure:4628: $? = 1
configure:4632: checking whether we are using the GNU C++ compiler
configure:4651: g++ -c   conftest.cpp >&5
configure:4651: $? = 0
configure:4660: result: yes
configure:4669: checking whether g++ accepts -g
configure:4689: g++ -c -g  conftest.cpp >&5
configure:4689: $? = 0
configure:4730: result: yes
configure:4755: checking dependency style of g++
configure:4845: result: gcc3
configure:4867: checking how to run the C++ preprocessor
configure:4894: g++ -E  conftest.cpp
configure:4894: $? = 0
configure:4908: g++ -E  conftest.cpp
conftest.cpp:11:28: fatal error: ac_nonexistent.h: No such file or directory
 #include <ac_nonexistent.h>
                            ^
compilation terminated.
configure:4908: $? = 1
configure: failed program was:
| /* confdefs.h */
| #define PACKAGE_NAME ""
| #define PACKAGE_TARNAME ""
| #define PACKAGE_VERSION ""
| #define PACKAGE_STRING ""
| #define PACKAGE_BUGREPORT ""
| #define PACKAGE_URL ""
| #define PACKAGE "audiere"
| #define VERSION "1.9.4"
| /* end confdefs.h.  */
| #include <ac_nonexistent.h>
configure:4933: result: g++ -E
configure:4953: g++ -E  conftest.cpp
configure:4953: $? = 0
configure:4967: g++ -E  conftest.cpp
conftest.cpp:11:28: fatal error: ac_nonexistent.h: No such file or directory
 #include <ac_nonexistent.h>
                            ^
compilation terminated.
configure:4967: $? = 1
configure: failed program was:
| /* confdefs.h */
| #define PACKAGE_NAME ""
| #define PACKAGE_TARNAME ""
| #define PACKAGE_VERSION ""
| #define PACKAGE_STRING ""
| #define PACKAGE_BUGREPORT ""
| #define PACKAGE_URL ""
| #define PACKAGE "audiere"
| #define VERSION "1.9.4"
| /* end confdefs.h.  */
| #include <ac_nonexistent.h>
configure:4995: checking whether make sets $(MAKE)
configure:5017: result: yes
configure:5098: checking for a sed that does not truncate output
configure:5152: result: /usr/bin/sed
configure:5155: checking for grep that handles long lines and -e
configure:5213: result: /usr/bin/grep
configure:5218: checking for egrep
configure:5280: result: /usr/bin/grep -E
configure:5296: checking for ld used by gcc
configure:5363: result: /usr/bin/ld
configure:5370: checking if the linker (/usr/bin/ld) is GNU ld
configure:5385: result: yes
configure:5390: checking for /usr/bin/ld option to reload object files
configure:5397: result: -r
configure:5415: checking for BSD-compatible nm
configure:5457: result: /usr/bin/nm -B
configure:5461: checking whether ln -s works
configure:5465: result: yes
configure:5472: checking how to recognise dependent libraries
configure:5644: result: pass_all
configure:5729: gcc -c -g -O2  conftest.c >&5
configure:5732: $? = 0
configure:5826: checking for ANSI C header files
configure:5846: gcc -c -g -O2  conftest.c >&5
configure:5846: $? = 0
configure:5919: gcc -o conftest -g -O2   conftest.c  >&5
configure:5919: $? = 0
configure:5919: ./conftest
configure:5919: $? = 0
configure:5930: result: yes
configure:5943: checking for sys/types.h
configure:5943: gcc -c -g -O2  conftest.c >&5
configure:5943: $? = 0
configure:5943: result: yes
configure:5943: checking for sys/stat.h
configure:5943: gcc -c -g -O2  conftest.c >&5
configure:5943: $? = 0
configure:5943: result: yes
configure:5943: checking for stdlib.h
configure:5943: gcc -c -g -O2  conftest.c >&5
configure:5943: $? = 0
configure:5943: result: yes
configure:5943: checking for string.h
configure:5943: gcc -c -g -O2  conftest.c >&5
configure:5943: $? = 0
configure:5943: result: yes
configure:5943: checking for memory.h
configure:5943: gcc -c -g -O2  conftest.c >&5
configure:5943: $? = 0
configure:5943: result: yes
configure:5943: checking for strings.h
configure:5943: gcc -c -g -O2  conftest.c >&5
configure:5943: $? = 0
configure:5943: result: yes
configure:5943: checking for inttypes.h
configure:5943: gcc -c -g -O2  conftest.c >&5
configure:5943: $? = 0
configure:5943: result: yes
configure:5943: checking for stdint.h
configure:5943: gcc -c -g -O2  conftest.c >&5
configure:5943: $? = 0
configure:5943: result: yes
configure:5943: checking for unistd.h
configure:5943: gcc -c -g -O2  conftest.c >&5
configure:5943: $? = 0
configure:5943: result: yes
configure:5957: checking dlfcn.h usability
configure:5957: gcc -c -g -O2  conftest.c >&5
configure:5957: $? = 0
configure:5957: result: yes
configure:5957: checking dlfcn.h presence
configure:5957: gcc -E  conftest.c
configure:5957: $? = 0
configure:5957: result: yes
configure:5957: checking for dlfcn.h
configure:5957: result: yes
configure:5977: checking how to run the C++ preprocessor
configure:6043: result: g++ -E
configure:6063: g++ -E  conftest.cpp
configure:6063: $? = 0
configure:6077: g++ -E  conftest.cpp
conftest.cpp:22:28: fatal error: ac_nonexistent.h: No such file or directory
 #include <ac_nonexistent.h>
                            ^
compilation terminated.
configure:6077: $? = 1
configure: failed program was:
| /* confdefs.h */
| #define PACKAGE_NAME ""
| #define PACKAGE_TARNAME ""
| #define PACKAGE_VERSION ""
| #define PACKAGE_STRING ""
| #define PACKAGE_BUGREPORT ""
| #define PACKAGE_URL ""
| #define PACKAGE "audiere"
| #define VERSION "1.9.4"
| #define STDC_HEADERS 1
| #define HAVE_SYS_TYPES_H 1
| #define HAVE_SYS_STAT_H 1
| #define HAVE_STDLIB_H 1
| #define HAVE_STRING_H 1
| #define HAVE_MEMORY_H 1
| #define HAVE_STRINGS_H 1
| #define HAVE_INTTYPES_H 1
| #define HAVE_STDINT_H 1
| #define HAVE_UNISTD_H 1
| #define HAVE_DLFCN_H 1
| /* end confdefs.h.  */
| #include <ac_nonexistent.h>
configure:6161: checking for g77
configure:6191: result: no
configure:6161: checking for xlf
configure:6191: result: no
configure:6161: checking for f77
configure:6191: result: no
configure:6161: checking for frt
configure:6191: result: no
configure:6161: checking for pgf77
configure:6191: result: no
configure:6161: checking for cf77
configure:6191: result: no
configure:6161: checking for fort77
configure:6191: result: no
configure:6161: checking for fl32
configure:6191: result: no
configure:6161: checking for af77
configure:6191: result: no
configure:6161: checking for xlf90
configure:6191: result: no
configure:6161: checking for f90
configure:6191: result: no
configure:6161: checking for pgf90
configure:6191: result: no
configure:6161: checking for pghpf
configure:6191: result: no
configure:6161: checking for epcf90
configure:6191: result: no
configure:6161: checking for gfortran
configure:6191: result: no
configure:6161: checking for g95
configure:6191: result: no
configure:6161: checking for xlf95
configure:6191: result: no
configure:6161: checking for f95
configure:6191: result: no
configure:6161: checking for fort
configure:6191: result: no
configure:6161: checking for ifort
configure:6191: result: no
configure:6161: checking for ifc
configure:6191: result: no
configure:6161: checking for efc
configure:6191: result: no
configure:6161: checking for pgfortran
configure:6191: result: no
configure:6161: checking for pgf95
configure:6191: result: no
configure:6161: checking for lf95
configure:6191: result: no
configure:6161: checking for ftn
configure:6191: result: no
configure:6161: checking for nagfor
configure:6191: result: no
configure:6214: checking for Fortran 77 compiler version
configure:6223:  --version >&5
./configure: line 6225: --version: command not found
configure:6234: $? = 127
configure:6223:  -v >&5
./configure: line 6225: -v: command not found
configure:6234: $? = 127
configure:6223:  -V >&5
./configure: line 6225: -V: command not found
configure:6234: $? = 127
configure:6223:  -qversion >&5
./configure: line 6225: -qversion: command not found
configure:6234: $? = 127
configure:6243: checking whether we are using the GNU Fortran 77 compiler
configure:6256:  -c  conftest.F >&5
./configure: line 2217: -c: command not found
configure:6256: $? = 127
configure: failed program was:
|       program main
| #ifndef __GNUC__
|        choke me
| #endif
| 
|       end
configure:6265: result: no
configure:6271: checking whether  accepts -g
configure:6282:  -c -g conftest.f >&5
./configure: line 2217: -c: command not found
configure:6282: $? = 127
configure: failed program was:
|       program main
| 
|       end
configure:6290: result: no
configure:6324: checking the maximum length of command line arguments
configure:6416: result: 32768
configure:6427: checking command to parse /usr/bin/nm -B output from gcc object
configure:6523: gcc -c -g -O2  conftest.c >&5
configure:6526: $? = 0
configure:6530: /usr/bin/nm -B conftest.o \| sed -n -e 's/^.*[ 	]\([ABCDGIRSTW][ABCDGIRSTW]*\)[ 	][ 	]*\([_A-Za-z][_A-Za-z0-9]*\)$/\1 \2 \2/p' \> conftest.nm
configure:6533: $? = 0
configure:6585: gcc -o conftest -g -O2   conftest.c conftstm.o >&5
configure:6588: $? = 0
configure:6626: result: ok
configure:6630: checking for objdir
configure:6645: result: .libs
configure:6737: checking for ar
configure:6753: found /usr/bin/ar
configure:6764: result: ar
configure:6829: checking for ranlib
configure:6845: found /usr/bin/ranlib
configure:6856: result: ranlib
configure:6921: checking for strip
configure:6937: found /usr/bin/strip
configure:6948: result: strip
configure:7245: checking if gcc static flag  works
configure:7273: result: yes
configure:7291: checking if gcc supports -fno-rtti -fno-exceptions
configure:7309: gcc -c -g -O2  -fno-rtti -fno-exceptions conftest.c >&5
cc1: warning: command line option '-fno-rtti' is valid for C++/ObjC++ but not for C [enabled by default]
configure:7313: $? = 0
configure:7326: result: no
configure:7341: checking for gcc option to produce PIC
configure:7545: result: -fPIC
configure:7553: checking if gcc PIC flag -fPIC works
configure:7571: gcc -c -g -O2  -fPIC -DPIC conftest.c >&5
configure:7575: $? = 0
configure:7588: result: yes
configure:7612: checking if gcc supports -c -o file.o
configure:7633: gcc -c -g -O2  -o out/conftest2.o conftest.c >&5
configure:7637: $? = 0
configure:7659: result: yes
configure:7685: checking whether the gcc linker (/usr/bin/ld -m elf_x86_64) supports shared libraries
configure:8523: result: yes
configure:8549: checking whether -lc should be explicitly linked in
configure:8554: gcc -c -g -O2  conftest.c >&5
configure:8557: $? = 0
configure:8571: gcc -shared conftest.o  -v -Wl,-soname -Wl,conftest -o conftest 2\>\&1 \| grep  -lc  \>/dev/null 2\>\&1
configure:8574: $? = 0
configure:8586: result: no
configure:8594: checking dynamic linker characteristics
configure:9148: result: GNU/Linux ld.so
configure:9152: checking how to hardcode library paths into programs
configure:9177: result: immediate
configure:9191: checking whether stripping libraries is possible
configure:9196: result: yes
configure:9708: checking if libtool supports shared libraries
configure:9710: result: yes
configure:9713: checking whether to build shared libraries
configure:9734: result: yes
configure:9737: checking whether to build static libraries
configure:9741: result: yes
configure:9833: creating libtool
configure:10407: checking for ld used by g++
configure:10474: result: /usr/bin/ld -m elf_x86_64
configure:10481: checking if the linker (/usr/bin/ld -m elf_x86_64) is GNU ld
configure:10496: result: yes
configure:10547: checking whether the g++ linker (/usr/bin/ld -m elf_x86_64) supports shared libraries
configure:11369: result: yes
configure:11387: g++ -c -g -O2  conftest.cpp >&5
configure:11390: $? = 0
configure:11500: checking for g++ option to produce PIC
configure:11768: result: -fPIC
configure:11776: checking if g++ PIC flag -fPIC works
configure:11794: g++ -c -g -O2  -fPIC -DPIC conftest.cpp >&5
configure:11798: $? = 0
configure:11811: result: yes
configure:11835: checking if g++ supports -c -o file.o
configure:11856: g++ -c -g -O2  -o out/conftest2.o conftest.cpp >&5
configure:11860: $? = 0
configure:11882: result: yes
configure:11908: checking whether the g++ linker (/usr/bin/ld -m elf_x86_64) supports shared libraries
configure:11933: result: yes
configure:12004: checking dynamic linker characteristics
configure:12558: result: GNU/Linux ld.so
configure:12562: checking how to hardcode library paths into programs
configure:12587: result: immediate
configure:12601: checking whether stripping libraries is possible
configure:12606: result: yes
configure:19400: checking for pthread_create in -lpthread
configure:19425: g++ -o conftest -g -O2 -Wall -Wno-non-virtual-dtor   conftest.cpp -lpthread   >&5
configure:19425: $? = 0
configure:19434: result: yes
configure:19445: checking for FLAC__seekable_stream_decoder_process_single in -lFLAC
configure:19470: g++ -o conftest -g -O2 -Wall -Wno-non-virtual-dtor   conftest.cpp -lFLAC -lm -lpthread  >&5
/tmp/ccaEu5GC.o: In function `main':
/home/jester/audiere2/audiere/audiere/conftest.cpp:33: undefined reference to `FLAC__seekable_stream_decoder_process_single'
collect2: error: ld returned 1 exit status
configure:19470: $? = 1
configure: failed program was:
| /* confdefs.h */
| #define PACKAGE_NAME ""
| #define PACKAGE_TARNAME ""
| #define PACKAGE_VERSION ""
| #define PACKAGE_STRING ""
| #define PACKAGE_BUGREPORT ""
| #define PACKAGE_URL ""
| #define PACKAGE "audiere"
| #define VERSION "1.9.4"
| #define STDC_HEADERS 1
| #define HAVE_SYS_TYPES_H 1
| #define HAVE_SYS_STAT_H 1
| #define HAVE_STDLIB_H 1
| #define HAVE_STRING_H 1
| #define HAVE_MEMORY_H 1
| #define HAVE_STRINGS_H 1
| #define HAVE_INTTYPES_H 1
| #define HAVE_STDINT_H 1
| #define HAVE_UNISTD_H 1
| #define HAVE_DLFCN_H 1
| /* end confdefs.h.  */
| 
| /* Override any GCC internal prototype to avoid an error.
|    Use char because int might match the return type of a GCC
|    builtin and then its argument prototype would still apply.  */
| #ifdef __cplusplus
| extern "C"
| #endif
| char FLAC__seekable_stream_decoder_process_single ();
| int
| main ()
| {
| return FLAC__seekable_stream_decoder_process_single ();
|   ;
|   return 0;
| }
configure:19479: result: no
configure:19487: WARNING: libFLAC not found.  Install FLAC from http://flac.sourceforge.net/
configure:19489: WARNING: Disabling FLAC support.
configure:19507: checking for duh_start_renderer in -ldumb
configure:19532: g++ -o conftest -g -O2 -Wall -Wno-non-virtual-dtor   conftest.cpp -ldumb  -lpthread  >&5
/usr/bin/ld: cannot find -ldumb
collect2: error: ld returned 1 exit status
configure:19532: $? = 1
configure: failed program was:
| /* confdefs.h */
| #define PACKAGE_NAME ""
| #define PACKAGE_TARNAME ""
| #define PACKAGE_VERSION ""
| #define PACKAGE_STRING ""
| #define PACKAGE_BUGREPORT ""
| #define PACKAGE_URL ""
| #define PACKAGE "audiere"
| #define VERSION "1.9.4"
| #define STDC_HEADERS 1
| #define HAVE_SYS_TYPES_H 1
| #define HAVE_SYS_STAT_H 1
| #define HAVE_STDLIB_H 1
| #define HAVE_STRING_H 1
| #define HAVE_MEMORY_H 1
| #define HAVE_STRINGS_H 1
| #define HAVE_INTTYPES_H 1
| #define HAVE_STDINT_H 1
| #define HAVE_UNISTD_H 1
| #define HAVE_DLFCN_H 1
| #define NO_FLAC 1
| /* end confdefs.h.  */
| 
| /* Override any GCC internal prototype to avoid an error.
|    Use char because int might match the return type of a GCC
|    builtin and then its argument prototype would still apply.  */
| #ifdef __cplusplus
| extern "C"
| #endif
| char duh_start_renderer ();
| int
| main ()
| {
| return duh_start_renderer ();
|   ;
|   return 0;
| }
configure:19541: result: no
configure:19549: WARNING: libdumb not found.  Install DUMB from http://dumb.sourceforge.net/
configure:19551: WARNING: Disabling DUMB support.
configure:19568: checking for cd_init_device in -lcdaudio
configure:19593: g++ -o conftest -g -O2 -Wall -Wno-non-virtual-dtor   conftest.cpp -lcdaudio  -lpthread  >&5
/usr/bin/ld: cannot find -lcdaudio
collect2: error: ld returned 1 exit status
configure:19593: $? = 1
configure: failed program was:
| /* confdefs.h */
| #define PACKAGE_NAME ""
| #define PACKAGE_TARNAME ""
| #define PACKAGE_VERSION ""
| #define PACKAGE_STRING ""
| #define PACKAGE_BUGREPORT ""
| #define PACKAGE_URL ""
| #define PACKAGE "audiere"
| #define VERSION "1.9.4"
| #define STDC_HEADERS 1
| #define HAVE_SYS_TYPES_H 1
| #define HAVE_SYS_STAT_H 1
| #define HAVE_STDLIB_H 1
| #define HAVE_STRING_H 1
| #define HAVE_MEMORY_H 1
| #define HAVE_STRINGS_H 1
| #define HAVE_INTTYPES_H 1
| #define HAVE_STDINT_H 1
| #define HAVE_UNISTD_H 1
| #define HAVE_DLFCN_H 1
| #define NO_FLAC 1
| #define NO_DUMB 1
| /* end confdefs.h.  */
| 
| /* Override any GCC internal prototype to avoid an error.
|    Use char because int might match the return type of a GCC
|    builtin and then its argument prototype would still apply.  */
| #ifdef __cplusplus
| extern "C"
| #endif
| char cd_init_device ();
| int
| main ()
| {
| return cd_init_device ();
|   ;
|   return 0;
| }
configure:19602: result: no
configure:19610: WARNING: libcdaudio not found.  Install it from http://libcdaudio.sf.net/
configure:19612: WARNING: CD audio support might still be possible through another means such as winmm.
configure:19627: checking for library containing clock_gettime
configure:19658: g++ -o conftest -g -O2 -Wall -Wno-non-virtual-dtor   conftest.cpp -lpthread  >&5
configure:19658: $? = 0
configure:19675: result: none required
configure:19685: checking for alNewConfig in -laudio
configure:19710: g++ -o conftest -g -O2 -Wall -Wno-non-virtual-dtor   conftest.cpp -laudio  -lpthread  >&5
/usr/bin/ld: cannot find -laudio
collect2: error: ld returned 1 exit status
configure:19710: $? = 1
configure: failed program was:
| /* confdefs.h */
| #define PACKAGE_NAME ""
| #define PACKAGE_TARNAME ""
| #define PACKAGE_VERSION ""
| #define PACKAGE_STRING ""
| #define PACKAGE_BUGREPORT ""
| #define PACKAGE_URL ""
| #define PACKAGE "audiere"
| #define VERSION "1.9.4"
| #define STDC_HEADERS 1
| #define HAVE_SYS_TYPES_H 1
| #define HAVE_SYS_STAT_H 1
| #define HAVE_STDLIB_H 1
| #define HAVE_STRING_H 1
| #define HAVE_MEMORY_H 1
| #define HAVE_STRINGS_H 1
| #define HAVE_INTTYPES_H 1
| #define HAVE_STDINT_H 1
| #define HAVE_UNISTD_H 1
| #define HAVE_DLFCN_H 1
| #define NO_FLAC 1
| #define NO_DUMB 1
| #define HAVE_CLOCK_GETTIME 1
| /* end confdefs.h.  */
| 
| /* Override any GCC internal prototype to avoid an error.
|    Use char because int might match the return type of a GCC
|    builtin and then its argument prototype would still apply.  */
| #ifdef __cplusplus
| extern "C"
| #endif
| char alNewConfig ();
| int
| main ()
| {
| return alNewConfig ();
|   ;
|   return 0;
| }
configure:19719: result: no
configure:19742: checking for wx-config
configure:19761: found /usr/bin/wx-config
configure:19774: result: /usr/bin/wx-config
configure:19795: checking if small wxWindows application links
configure:19811: g++ -o conftest -I/usr/lib/wx/include/gtk2-unicode-release-2.8 -I/usr/include/wx-2.8 -D_FILE_OFFSET_BITS=64 -D_LARGE_FILES -D__WXGTK__ -pthread -g -O2 -Wall -Wno-non-virtual-dtor   conftest.cpp -pthread -Wl,-O1,--sort-common,--as-needed,-z,relro  -lwx_gtk2u_richtext-2.8 -lwx_gtk2u_aui-2.8 -lwx_gtk2u_xrc-2.8 -lwx_gtk2u_qa-2.8 -lwx_gtk2u_html-2.8 -lwx_gtk2u_adv-2.8 -lwx_gtk2u_core-2.8 -lwx_baseu_xml-2.8 -lwx_baseu_net-2.8 -lwx_baseu-2.8  -lpthread  >&5
In file included from /usr/include/wx-2.8/wx/defs.h:521:0,
                 from /usr/include/wx-2.8/wx/wx.h:15,
                 from conftest.cpp:26:
/usr/include/wx-2.8/wx/buffer.h: In member function 'void wxMemoryBuffer::AppendByte(char)':
/usr/include/wx-2.8/wx/debug.h:194:43: warning: typedef 'wxDummyCheckInt' locally defined but not used [-Wunused-local-typedefs]
     #define wxFORCE_SEMICOLON typedef int wxDummyCheckInt
                                           ^
/usr/include/wx-2.8/wx/debug.h:224:9: note: in expansion of macro 'wxFORCE_SEMICOLON'
         wxFORCE_SEMICOLON /* just to force a semicolon */
         ^
/usr/include/wx-2.8/wx/debug.h:233:38: note: in expansion of macro 'wxCHECK2_MSG'
 #define wxCHECK_RET(cond, msg)       wxCHECK2_MSG(cond, return, msg)
                                      ^
/usr/include/wx-2.8/wx/buffer.h:289:9: note: in expansion of macro 'wxCHECK_RET'
         wxCHECK_RET( m_bufdata->m_data, wxT("invalid wxMemoryBuffer") );
         ^
/usr/include/wx-2.8/wx/dynarray.h: In member function 'void wxArrayShort::Remove(_wxArraywxArrayShort)':
/usr/include/wx-2.8/wx/debug.h:194:43: warning: typedef 'wxDummyCheckInt' locally defined but not used [-Wunused-local-typedefs]
     #define wxFORCE_SEMICOLON typedef int wxDummyCheckInt
                                           ^
/usr/include/wx-2.8/wx/debug.h:224:9: note: in expansion of macro 'wxFORCE_SEMICOLON'
         wxFORCE_SEMICOLON /* just to force a semicolon */
         ^
/usr/include/wx-2.8/wx/dynarray.h:353:7: note: in expansion of macro 'wxCHECK2_MSG'
       wxCHECK2_MSG( iIndex != wxNOT_FOUND, return,                    \
       ^
/usr/include/wx-2.8/wx/dynarray.h:486:5: note: in expansion of macro '_WX_DEFINE_TYPEARRAY_HELPER'
     _WX_DEFINE_TYPEARRAY_HELPER(T, name, base, classexp, _WX_PTROP_NONE)
     ^
/usr/include/wx-2.8/wx/dynarray.h:669:5: note: in expansion of macro '_WX_DEFINE_TYPEARRAY_PTR'
     _WX_DEFINE_TYPEARRAY_PTR(_wxArray##name, name, base, classdecl)
     ^
/usr/include/wx-2.8/wx/dynarray.h:849:5: note: in expansion of macro 'WX_DEFINE_TYPEARRAY_WITH_DECL_PTR'
     WX_DEFINE_TYPEARRAY_WITH_DECL_PTR(T, name, wxBaseArrayShort, wxARRAY_EMPTY expmode)
     ^
/usr/include/wx-2.8/wx/dynarray.h:993:1: note: in expansion of macro 'WX_DEFINE_USER_EXPORTED_ARRAY_SHORT'
 WX_DEFINE_USER_EXPORTED_ARRAY_SHORT(short, wxArrayShort, class WXDLLIMPEXP_BASE);
 ^
/usr/include/wx-2.8/wx/dynarray.h: In member function 'void wxArrayInt::Remove(_wxArraywxArrayInt)':
/usr/include/wx-2.8/wx/debug.h:194:43: warning: typedef 'wxDummyCheckInt' locally defined but not used [-Wunused-local-typedefs]
     #define wxFORCE_SEMICOLON typedef int wxDummyCheckInt
                                           ^
/usr/include/wx-2.8/wx/debug.h:224:9: note: in expansion of macro 'wxFORCE_SEMICOLON'
         wxFORCE_SEMICOLON /* just to force a semicolon */
         ^
/usr/include/wx-2.8/wx/dynarray.h:353:7: note: in expansion of macro 'wxCHECK2_MSG'
       wxCHECK2_MSG( iIndex != wxNOT_FOUND, return,                    \
       ^
/usr/include/wx-2.8/wx/dynarray.h:486:5: note: in expansion of macro '_WX_DEFINE_TYPEARRAY_HELPER'
     _WX_DEFINE_TYPEARRAY_HELPER(T, name, base, classexp, _WX_PTROP_NONE)
     ^
/usr/include/wx-2.8/wx/dynarray.h:669:5: note: in expansion of macro '_WX_DEFINE_TYPEARRAY_PTR'
     _WX_DEFINE_TYPEARRAY_PTR(_wxArray##name, name, base, classdecl)
     ^
/usr/include/wx-2.8/wx/dynarray.h:856:5: note: in expansion of macro 'WX_DEFINE_TYPEARRAY_WITH_DECL_PTR'
     WX_DEFINE_TYPEARRAY_WITH_DECL_PTR(T, name, wxBaseArrayInt, wxARRAY_EMPTY expmode)
     ^
/usr/include/wx-2.8/wx/dynarray.h:994:1: note: in expansion of macro 'WX_DEFINE_USER_EXPORTED_ARRAY_INT'
 WX_DEFINE_USER_EXPORTED_ARRAY_INT(int, wxArrayInt, class WXDLLIMPEXP_BASE);
 ^
/usr/include/wx-2.8/wx/dynarray.h: In member function 'void wxArrayDouble::Remove(_wxArraywxArrayDouble)':
/usr/include/wx-2.8/wx/debug.h:194:43: warning: typedef 'wxDummyCheckInt' locally defined but not used [-Wunused-local-typedefs]
     #define wxFORCE_SEMICOLON typedef int wxDummyCheckInt
                                           ^
/usr/include/wx-2.8/wx/debug.h:224:9: note: in expansion of macro 'wxFORCE_SEMICOLON'
         wxFORCE_SEMICOLON /* just to force a semicolon */
         ^
/usr/include/wx-2.8/wx/dynarray.h:353:7: note: in expansion of macro 'wxCHECK2_MSG'
       wxCHECK2_MSG( iIndex != wxNOT_FOUND, return,                    \
       ^
/usr/include/wx-2.8/wx/dynarray.h:486:5: note: in expansion of macro '_WX_DEFINE_TYPEARRAY_HELPER'
     _WX_DEFINE_TYPEARRAY_HELPER(T, name, base, classexp, _WX_PTROP_NONE)
     ^
/usr/include/wx-2.8/wx/dynarray.h:669:5: note: in expansion of macro '_WX_DEFINE_TYPEARRAY_PTR'
     _WX_DEFINE_TYPEARRAY_PTR(_wxArray##name, name, base, classdecl)
     ^
/usr/include/wx-2.8/wx/dynarray.h:877:5: note: in expansion of macro 'WX_DEFINE_TYPEARRAY_WITH_DECL_PTR'
     WX_DEFINE_TYPEARRAY_WITH_DECL_PTR(T, name, wxBaseArrayDouble, wxARRAY_EMPTY expmode)
     ^
/usr/include/wx-2.8/wx/dynarray.h:995:1: note: in expansion of macro 'WX_DEFINE_USER_EXPORTED_ARRAY_DOUBLE'
 WX_DEFINE_USER_EXPORTED_ARRAY_DOUBLE(double, wxArrayDouble, class WXDLLIMPEXP_BASE);
 ^
/usr/include/wx-2.8/wx/dynarray.h: In member function 'void wxArrayLong::Remove(_wxArraywxArrayLong)':
/usr/include/wx-2.8/wx/debug.h:194:43: warning: typedef 'wxDummyCheckInt' locally defined but not used [-Wunused-local-typedefs]
     #define wxFORCE_SEMICOLON typedef int wxDummyCheckInt
                                           ^
/usr/include/wx-2.8/wx/debug.h:224:9: note: in expansion of macro 'wxFORCE_SEMICOLON'
         wxFORCE_SEMICOLON /* just to force a semicolon */
         ^
/usr/include/wx-2.8/wx/dynarray.h:353:7: note: in expansion of macro 'wxCHECK2_MSG'
       wxCHECK2_MSG( iIndex != wxNOT_FOUND, return,                    \
       ^
/usr/include/wx-2.8/wx/dynarray.h:486:5: note: in expansion of macro '_WX_DEFINE_TYPEARRAY_HELPER'
     _WX_DEFINE_TYPEARRAY_HELPER(T, name, base, classexp, _WX_PTROP_NONE)
     ^
/usr/include/wx-2.8/wx/dynarray.h:669:5: note: in expansion of macro '_WX_DEFINE_TYPEARRAY_PTR'
     _WX_DEFINE_TYPEARRAY_PTR(_wxArray##name, name, base, classdecl)
     ^
/usr/include/wx-2.8/wx/dynarray.h:863:5: note: in expansion of macro 'WX_DEFINE_TYPEARRAY_WITH_DECL_PTR'
     WX_DEFINE_TYPEARRAY_WITH_DECL_PTR(T, name, wxBaseArrayLong, wxARRAY_EMPTY expmode)
     ^
/usr/include/wx-2.8/wx/dynarray.h:996:1: note: in expansion of macro 'WX_DEFINE_USER_EXPORTED_ARRAY_LONG'
 WX_DEFINE_USER_EXPORTED_ARRAY_LONG(long, wxArrayLong, class WXDLLIMPEXP_BASE);
 ^
/usr/include/wx-2.8/wx/dynarray.h: In member function 'void wxArrayPtrVoid::Remove(_wxArraywxArrayPtrVoid)':
/usr/include/wx-2.8/wx/debug.h:194:43: warning: typedef 'wxDummyCheckInt' locally defined but not used [-Wunused-local-typedefs]
     #define wxFORCE_SEMICOLON typedef int wxDummyCheckInt
                                           ^
/usr/include/wx-2.8/wx/debug.h:224:9: note: in expansion of macro 'wxFORCE_SEMICOLON'
         wxFORCE_SEMICOLON /* just to force a semicolon */
         ^
/usr/include/wx-2.8/wx/dynarray.h:353:7: note: in expansion of macro 'wxCHECK2_MSG'
       wxCHECK2_MSG( iIndex != wxNOT_FOUND, return,                    \
       ^
/usr/include/wx-2.8/wx/dynarray.h:486:5: note: in expansion of macro '_WX_DEFINE_TYPEARRAY_HELPER'
     _WX_DEFINE_TYPEARRAY_HELPER(T, name, base, classexp, _WX_PTROP_NONE)
     ^
/usr/include/wx-2.8/wx/dynarray.h:669:5: note: in expansion of macro '_WX_DEFINE_TYPEARRAY_PTR'
     _WX_DEFINE_TYPEARRAY_PTR(_wxArray##name, name, base, classdecl)
     ^
/usr/include/wx-2.8/wx/dynarray.h:835:5: note: in expansion of macro 'WX_DEFINE_TYPEARRAY_WITH_DECL_PTR'
     WX_DEFINE_TYPEARRAY_WITH_DECL_PTR(T, name, wxBaseArrayPtrVoid, wxARRAY_EMPTY expmode)
     ^
/usr/include/wx-2.8/wx/dynarray.h:997:1: note: in expansion of macro 'WX_DEFINE_USER_EXPORTED_ARRAY_PTR'
 WX_DEFINE_USER_EXPORTED_ARRAY_PTR(void *, wxArrayPtrVoid, class WXDLLIMPEXP_BASE);
 ^
/usr/include/wx-2.8/wx/vector.h: In member function 'wxVectorBase& wxVectorBase::operator=(const wxVectorBase&)':
/usr/include/wx-2.8/wx/debug.h:194:43: warning: typedef 'wxDummyCheckInt' locally defined but not used [-Wunused-local-typedefs]
     #define wxFORCE_SEMICOLON typedef int wxDummyCheckInt
                                           ^
/usr/include/wx-2.8/wx/debug.h:224:9: note: in expansion of macro 'wxFORCE_SEMICOLON'
         wxFORCE_SEMICOLON /* just to force a semicolon */
         ^
/usr/include/wx-2.8/wx/debug.h:186:38: note: in expansion of macro 'wxCHECK2_MSG'
 #define wxCHECK_MSG(cond, rc, msg)   wxCHECK2_MSG(cond, return rc, msg)
                                      ^
/usr/include/wx-2.8/wx/debug.h:183:38: note: in expansion of macro 'wxCHECK_MSG'
 #define wxCHECK(cond, rc)            wxCHECK_MSG(cond, rc, NULL)
                                      ^
/usr/include/wx-2.8/wx/vector.h:129:9: note: in expansion of macro 'wxCHECK'
         wxCHECK(copy(vb), *this);
         ^
/usr/include/wx-2.8/wx/clntdata.h: In copy constructor 'wxClientDataDictionaryPairVector::wxClientDataDictionaryPairVector(const wxClientDataDictionaryPairVector&)':
/usr/include/wx-2.8/wx/debug.h:194:43: warning: typedef 'wxDummyCheckInt' locally defined but not used [-Wunused-local-typedefs]
     #define wxFORCE_SEMICOLON typedef int wxDummyCheckInt
                                           ^
/usr/include/wx-2.8/wx/debug.h:224:9: note: in expansion of macro 'wxFORCE_SEMICOLON'
         wxFORCE_SEMICOLON /* just to force a semicolon */
         ^
/usr/include/wx-2.8/wx/debug.h:189:38: note: in expansion of macro 'wxCHECK2_MSG'
 #define wxCHECK2(cond, op)           wxCHECK2_MSG(cond, op, NULL)
                                      ^
/usr/include/wx-2.8/wx/vector.h:148:9: note: in expansion of macro 'wxCHECK2'
         wxCHECK2(copy(c), return);\
         ^
/usr/include/wx-2.8/wx/vector.h:158:5: note: in expansion of macro 'WX_DECLARE_VECTORBASE'
     WX_DECLARE_VECTORBASE(obj, cls)\
     ^
/usr/include/wx-2.8/wx/clntdata.h:172:1: note: in expansion of macro '_WX_DECLARE_VECTOR'
 _WX_DECLARE_VECTOR(
 ^
/usr/include/wx-2.8/wx/clntdata.h: In member function 'void wxClientDataDictionaryPairVector::push_back(const wxClientDataDictionaryPair&)':
/usr/include/wx-2.8/wx/debug.h:194:43: warning: typedef 'wxDummyCheckInt' locally defined but not used [-Wunused-local-typedefs]
     #define wxFORCE_SEMICOLON typedef int wxDummyCheckInt
                                           ^
/usr/include/wx-2.8/wx/debug.h:224:9: note: in expansion of macro 'wxFORCE_SEMICOLON'
         wxFORCE_SEMICOLON /* just to force a semicolon */
         ^
/usr/include/wx-2.8/wx/debug.h:189:38: note: in expansion of macro 'wxCHECK2_MSG'
 #define wxCHECK2(cond, op)           wxCHECK2_MSG(cond, op, NULL)
                                      ^
/usr/include/wx-2.8/wx/vector.h:162:9: note: in expansion of macro 'wxCHECK2'
         wxCHECK2(Alloc(size() + 1), return);\
         ^
/usr/include/wx-2.8/wx/clntdata.h:172:1: note: in expansion of macro '_WX_DECLARE_VECTOR'
 _WX_DECLARE_VECTOR(
 ^
/usr/include/wx-2.8/wx/event.h: In member function 'void wxCloseEvent::Veto(bool)':
/usr/include/wx-2.8/wx/debug.h:194:43: warning: typedef 'wxDummyCheckInt' locally defined but not used [-Wunused-local-typedefs]
     #define wxFORCE_SEMICOLON typedef int wxDummyCheckInt
                                           ^
/usr/include/wx-2.8/wx/debug.h:224:9: note: in expansion of macro 'wxFORCE_SEMICOLON'
         wxFORCE_SEMICOLON /* just to force a semicolon */
         ^
/usr/include/wx-2.8/wx/debug.h:233:38: note: in expansion of macro 'wxCHECK2_MSG'
 #define wxCHECK_RET(cond, msg)       wxCHECK2_MSG(cond, return, msg)
                                      ^
/usr/include/wx-2.8/wx/event.h:1409:9: note: in expansion of macro 'wxCHECK_RET'
         wxCHECK_RET( m_canVeto,
         ^
/usr/include/wx-2.8/wx/event.h: In member function 'void wxEventTableEntryPointerArray::Remove(_wxArraywxEventTableEntryPointerArray)':
/usr/include/wx-2.8/wx/debug.h:194:43: warning: typedef 'wxDummyCheckInt' locally defined but not used [-Wunused-local-typedefs]
     #define wxFORCE_SEMICOLON typedef int wxDummyCheckInt
                                           ^
/usr/include/wx-2.8/wx/debug.h:224:9: note: in expansion of macro 'wxFORCE_SEMICOLON'
         wxFORCE_SEMICOLON /* just to force a semicolon */
         ^
/usr/include/wx-2.8/wx/dynarray.h:353:7: note: in expansion of macro 'wxCHECK2_MSG'
       wxCHECK2_MSG( iIndex != wxNOT_FOUND, return,                    \
       ^
/usr/include/wx-2.8/wx/dynarray.h:486:5: note: in expansion of macro '_WX_DEFINE_TYPEARRAY_HELPER'
     _WX_DEFINE_TYPEARRAY_HELPER(T, name, base, classexp, _WX_PTROP_NONE)
     ^
/usr/include/wx-2.8/wx/dynarray.h:669:5: note: in expansion of macro '_WX_DEFINE_TYPEARRAY_PTR'
     _WX_DEFINE_TYPEARRAY_PTR(_wxArray##name, name, base, classdecl)
     ^
/usr/include/wx-2.8/wx/dynarray.h:649:5: note: in expansion of macro 'WX_DEFINE_TYPEARRAY_WITH_DECL_PTR'
     WX_DEFINE_TYPEARRAY_WITH_DECL_PTR(T, name, base, class wxARRAY_DEFAULT_EXPORT)
     ^
/usr/include/wx-2.8/wx/dynarray.h:825:5: note: in expansion of macro 'WX_DEFINE_TYPEARRAY_PTR'
     WX_DEFINE_TYPEARRAY_PTR(T, name, wxBaseArrayPtrVoid)
     ^
/usr/include/wx-2.8/wx/event.h:2324:1: note: in expansion of macro 'WX_DEFINE_ARRAY_PTR'
 WX_DEFINE_ARRAY_PTR(const wxEventTableEntry*, wxEventTableEntryPointerArray);
 ^
/usr/include/wx-2.8/wx/event.h: In function 'void wxPostEvent(wxEvtHandler*, wxEvent&)':
/usr/include/wx-2.8/wx/debug.h:194:43: warning: typedef 'wxDummyCheckInt' locally defined but not used [-Wunused-local-typedefs]
     #define wxFORCE_SEMICOLON typedef int wxDummyCheckInt
                                           ^
/usr/include/wx-2.8/wx/debug.h:224:9: note: in expansion of macro 'wxFORCE_SEMICOLON'
         wxFORCE_SEMICOLON /* just to force a semicolon */
         ^
/usr/include/wx-2.8/wx/debug.h:233:38: note: in expansion of macro 'wxCHECK2_MSG'
 #define wxCHECK_RET(cond, msg)       wxCHECK2_MSG(cond, return, msg)
                                      ^
/usr/include/wx-2.8/wx/event.h:2568:5: note: in expansion of macro 'wxCHECK_RET'
     wxCHECK_RET( dest, wxT("need an object to post event to in wxPostEvent") );
     ^
/usr/include/wx-2.8/wx/module.h: In member function 'void wxArrayClassInfo::Remove(_wxArraywxArrayClassInfo)':
/usr/include/wx-2.8/wx/debug.h:194:43: warning: typedef 'wxDummyCheckInt' locally defined but not used [-Wunused-local-typedefs]
     #define wxFORCE_SEMICOLON typedef int wxDummyCheckInt
                                           ^
/usr/include/wx-2.8/wx/debug.h:224:9: note: in expansion of macro 'wxFORCE_SEMICOLON'
         wxFORCE_SEMICOLON /* just to force a semicolon */
         ^
/usr/include/wx-2.8/wx/dynarray.h:353:7: note: in expansion of macro 'wxCHECK2_MSG'
       wxCHECK2_MSG( iIndex != wxNOT_FOUND, return,                    \
       ^
/usr/include/wx-2.8/wx/dynarray.h:486:5: note: in expansion of macro '_WX_DEFINE_TYPEARRAY_HELPER'
     _WX_DEFINE_TYPEARRAY_HELPER(T, name, base, classexp, _WX_PTROP_NONE)
     ^
/usr/include/wx-2.8/wx/dynarray.h:669:5: note: in expansion of macro '_WX_DEFINE_TYPEARRAY_PTR'
     _WX_DEFINE_TYPEARRAY_PTR(_wxArray##name, name, base, classdecl)
     ^
/usr/include/wx-2.8/wx/dynarray.h:835:5: note: in expansion of macro 'WX_DEFINE_TYPEARRAY_WITH_DECL_PTR'
     WX_DEFINE_TYPEARRAY_WITH_DECL_PTR(T, name, wxBaseArrayPtrVoid, wxARRAY_EMPTY expmode)
     ^
/usr/include/wx-2.8/wx/module.h:24:1: note: in expansion of macro 'WX_DEFINE_USER_EXPORTED_ARRAY_PTR'
 WX_DEFINE_USER_EXPORTED_ARRAY_PTR(wxClassInfo *, wxArrayClassInfo,
 ^
/usr/include/wx-2.8/wx/module.h: In member function 'void wxModule::AddDependency(wxClassInfo*)':
/usr/include/wx-2.8/wx/debug.h:194:43: warning: typedef 'wxDummyCheckInt' locally defined but not used [-Wunused-local-typedefs]
     #define wxFORCE_SEMICOLON typedef int wxDummyCheckInt
                                           ^
/usr/include/wx-2.8/wx/debug.h:224:9: note: in expansion of macro 'wxFORCE_SEMICOLON'
         wxFORCE_SEMICOLON /* just to force a semicolon */
         ^
/usr/include/wx-2.8/wx/debug.h:233:38: note: in expansion of macro 'wxCHECK2_MSG'
 #define wxCHECK_RET(cond, msg)       wxCHECK2_MSG(cond, return, msg)
                                      ^
/usr/include/wx-2.8/wx/module.h:71:9: note: in expansion of macro 'wxCHECK_RET'
         wxCHECK_RET( dep, wxT("NULL module dependency") );
         ^
/usr/include/wx-2.8/wx/datetime.h: In member function 'void wxHolidayAuthoritiesArray::Remove(_wxArraywxHolidayAuthoritiesArray)':
/usr/include/wx-2.8/wx/debug.h:194:43: warning: typedef 'wxDummyCheckInt' locally defined but not used [-Wunused-local-typedefs]
     #define wxFORCE_SEMICOLON typedef int wxDummyCheckInt
                                           ^
/usr/include/wx-2.8/wx/debug.h:224:9: note: in expansion of macro 'wxFORCE_SEMICOLON'
         wxFORCE_SEMICOLON /* just to force a semicolon */
         ^
/usr/include/wx-2.8/wx/dynarray.h:353:7: note: in expansion of macro 'wxCHECK2_MSG'
       wxCHECK2_MSG( iIndex != wxNOT_FOUND, return,                    \
       ^
/usr/include/wx-2.8/wx/dynarray.h:486:5: note: in expansion of macro '_WX_DEFINE_TYPEARRAY_HELPER'
     _WX_DEFINE_TYPEARRAY_HELPER(T, name, base, classexp, _WX_PTROP_NONE)
     ^
/usr/include/wx-2.8/wx/dynarray.h:669:5: note: in expansion of macro '_WX_DEFINE_TYPEARRAY_PTR'
     _WX_DEFINE_TYPEARRAY_PTR(_wxArray##name, name, base, classdecl)
     ^
/usr/include/wx-2.8/wx/dynarray.h:835:5: note: in expansion of macro 'WX_DEFINE_TYPEARRAY_WITH_DECL_PTR'
     WX_DEFINE_TYPEARRAY_WITH_DECL_PTR(T, name, wxBaseArrayPtrVoid, wxARRAY_EMPTY expmode)
     ^
/usr/include/wx-2.8/wx/datetime.h:1506:1: note: in expansion of macro 'WX_DEFINE_USER_EXPORTED_ARRAY_PTR'
 WX_DEFINE_USER_EXPORTED_ARRAY_PTR(wxDateTimeHolidayAuthority *,
 ^
/usr/include/wx-2.8/wx/gtk/window.h: In member function 'void wxArrayGdkWindows::Remove(_wxArraywxArrayGdkWindows)':
/usr/include/wx-2.8/wx/debug.h:194:43: warning: typedef 'wxDummyCheckInt' locally defined but not used [-Wunused-local-typedefs]
     #define wxFORCE_SEMICOLON typedef int wxDummyCheckInt
                                           ^
/usr/include/wx-2.8/wx/debug.h:224:9: note: in expansion of macro 'wxFORCE_SEMICOLON'
         wxFORCE_SEMICOLON /* just to force a semicolon */
         ^
/usr/include/wx-2.8/wx/dynarray.h:353:7: note: in expansion of macro 'wxCHECK2_MSG'
       wxCHECK2_MSG( iIndex != wxNOT_FOUND, return,                    \
       ^
/usr/include/wx-2.8/wx/dynarray.h:486:5: note: in expansion of macro '_WX_DEFINE_TYPEARRAY_HELPER'
     _WX_DEFINE_TYPEARRAY_HELPER(T, name, base, classexp, _WX_PTROP_NONE)
     ^
/usr/include/wx-2.8/wx/dynarray.h:669:5: note: in expansion of macro '_WX_DEFINE_TYPEARRAY_PTR'
     _WX_DEFINE_TYPEARRAY_PTR(_wxArray##name, name, base, classdecl)
     ^
/usr/include/wx-2.8/wx/dynarray.h:655:5: note: in expansion of macro 'WX_DEFINE_TYPEARRAY_WITH_DECL_PTR'
     WX_DEFINE_TYPEARRAY_WITH_DECL_PTR(T, name, base, class WXDLLEXPORT)
     ^
/usr/include/wx-2.8/wx/dynarray.h:829:5: note: in expansion of macro 'WX_DEFINE_EXPORTED_TYPEARRAY_PTR'
     WX_DEFINE_EXPORTED_TYPEARRAY_PTR(T, name, wxBaseArrayPtrVoid)
     ^
/usr/include/wx-2.8/wx/gtk/window.h:19:1: note: in expansion of macro 'WX_DEFINE_EXPORTED_ARRAY_PTR'
 WX_DEFINE_EXPORTED_ARRAY_PTR(GdkWindow *, wxArrayGdkWindows);
 ^
/usr/include/wx-2.8/wx/radiobox.h: In member function 'void wxToolTipArray::Remove(_wxArraywxToolTipArray)':
/usr/include/wx-2.8/wx/debug.h:194:43: warning: typedef 'wxDummyCheckInt' locally defined but not used [-Wunused-local-typedefs]
     #define wxFORCE_SEMICOLON typedef int wxDummyCheckInt
                                           ^
/usr/include/wx-2.8/wx/debug.h:224:9: note: in expansion of macro 'wxFORCE_SEMICOLON'
         wxFORCE_SEMICOLON /* just to force a semicolon */
         ^
/usr/include/wx-2.8/wx/dynarray.h:353:7: note: in expansion of macro 'wxCHECK2_MSG'
       wxCHECK2_MSG( iIndex != wxNOT_FOUND, return,                    \
       ^
/usr/include/wx-2.8/wx/dynarray.h:486:5: note: in expansion of macro '_WX_DEFINE_TYPEARRAY_HELPER'
     _WX_DEFINE_TYPEARRAY_HELPER(T, name, base, classexp, _WX_PTROP_NONE)
     ^
/usr/include/wx-2.8/wx/dynarray.h:669:5: note: in expansion of macro '_WX_DEFINE_TYPEARRAY_PTR'
     _WX_DEFINE_TYPEARRAY_PTR(_wxArray##name, name, base, classdecl)
     ^
/usr/include/wx-2.8/wx/dynarray.h:655:5: note: in expansion of macro 'WX_DEFINE_TYPEARRAY_WITH_DECL_PTR'
     WX_DEFINE_TYPEARRAY_WITH_DECL_PTR(T, name, base, class WXDLLEXPORT)
     ^
/usr/include/wx-2.8/wx/dynarray.h:829:5: note: in expansion of macro 'WX_DEFINE_EXPORTED_TYPEARRAY_PTR'
     WX_DEFINE_EXPORTED_TYPEARRAY_PTR(T, name, wxBaseArrayPtrVoid)
     ^
/usr/include/wx-2.8/wx/radiobox.h:25:1: note: in expansion of macro 'WX_DEFINE_EXPORTED_ARRAY_PTR'
 WX_DEFINE_EXPORTED_ARRAY_PTR(wxToolTip *, wxToolTipArray);
 ^
/usr/include/wx-2.8/wx/valtext.h: In member function 'bool wxTextValidator::CheckValidator() const':
/usr/include/wx-2.8/wx/debug.h:194:43: warning: typedef 'wxDummyCheckInt' locally defined but not used [-Wunused-local-typedefs]
     #define wxFORCE_SEMICOLON typedef int wxDummyCheckInt
                                           ^
/usr/include/wx-2.8/wx/debug.h:224:9: note: in expansion of macro 'wxFORCE_SEMICOLON'
         wxFORCE_SEMICOLON /* just to force a semicolon */
         ^
/usr/include/wx-2.8/wx/debug.h:186:38: note: in expansion of macro 'wxCHECK2_MSG'
 #define wxCHECK_MSG(cond, rc, msg)   wxCHECK2_MSG(cond, return rc, msg)
                                      ^
/usr/include/wx-2.8/wx/valtext.h:103:9: note: in expansion of macro 'wxCHECK_MSG'
         wxCHECK_MSG( m_validatorWindow->IsKindOf(CLASSINFO(wxTextCtrl)), false,
         ^
configure:19811: $? = 0
configure:19812: result: yes
configure:19850: checking for ANSI C header files
configure:19954: result: yes
configure:19962: checking for unistd.h
configure:19962: result: yes
configure:19968: checking sys/soundcard.h usability
configure:19968: g++ -c -g -O2 -Wall -Wno-non-virtual-dtor  conftest.cpp >&5
configure:19968: $? = 0
configure:19968: result: yes
configure:19968: checking sys/soundcard.h presence
configure:19968: g++ -E  conftest.cpp
configure:19968: $? = 0
configure:19968: result: yes
configure:19968: checking for sys/soundcard.h
configure:19968: result: yes
configure:19987: checking vorbis/vorbisfile.h usability
configure:19987: g++ -c -g -O2 -Wall -Wno-non-virtual-dtor  conftest.cpp >&5
configure:19987: $? = 0
configure:19987: result: yes
configure:19987: checking vorbis/vorbisfile.h presence
configure:19987: g++ -E  conftest.cpp
configure:19987: $? = 0
configure:19987: result: yes
configure:19987: checking for vorbis/vorbisfile.h
configure:19987: result: yes
configure:20016: checking speex.h usability
configure:20016: g++ -c -g -O2 -Wall -Wno-non-virtual-dtor  conftest.cpp >&5
conftest.cpp:61:19: fatal error: speex.h: No such file or directory
 #include <speex.h>
                   ^
compilation terminated.
configure:20016: $? = 1
configure: failed program was:
| /* confdefs.h */
| #define PACKAGE_NAME ""
| #define PACKAGE_TARNAME ""
| #define PACKAGE_VERSION ""
| #define PACKAGE_STRING ""
| #define PACKAGE_BUGREPORT ""
| #define PACKAGE_URL ""
| #define PACKAGE "audiere"
| #define VERSION "1.9.4"
| #define STDC_HEADERS 1
| #define HAVE_SYS_TYPES_H 1
| #define HAVE_SYS_STAT_H 1
| #define HAVE_STDLIB_H 1
| #define HAVE_STRING_H 1
| #define HAVE_MEMORY_H 1
| #define HAVE_STRINGS_H 1
| #define HAVE_INTTYPES_H 1
| #define HAVE_STDINT_H 1
| #define HAVE_UNISTD_H 1
| #define HAVE_DLFCN_H 1
| #define NO_FLAC 1
| #define NO_DUMB 1
| #define HAVE_CLOCK_GETTIME 1
| #define HAVE_WXWINDOWS 1
| #define STDC_HEADERS 1
| #define HAVE_OSS 1
| /* end confdefs.h.  */
| #include <stdio.h>
| #ifdef HAVE_SYS_TYPES_H
| # include <sys/types.h>
| #endif
| #ifdef HAVE_SYS_STAT_H
| # include <sys/stat.h>
| #endif
| #ifdef STDC_HEADERS
| # include <stdlib.h>
| # include <stddef.h>
| #else
| # ifdef HAVE_STDLIB_H
| #  include <stdlib.h>
| # endif
| #endif
| #ifdef HAVE_STRING_H
| # if !defined STDC_HEADERS && defined HAVE_MEMORY_H
| #  include <memory.h>
| # endif
| # include <string.h>
| #endif
| #ifdef HAVE_STRINGS_H
| # include <strings.h>
| #endif
| #ifdef HAVE_INTTYPES_H
| # include <inttypes.h>
| #endif
| #ifdef HAVE_STDINT_H
| # include <stdint.h>
| #endif
| #ifdef HAVE_UNISTD_H
| # include <unistd.h>
| #endif
| #include <speex.h>
configure:20016: result: no
configure:20016: checking speex.h presence
configure:20016: g++ -E  conftest.cpp
conftest.cpp:28:19: fatal error: speex.h: No such file or directory
 #include <speex.h>
                   ^
compilation terminated.
configure:20016: $? = 1
configure: failed program was:
| /* confdefs.h */
| #define PACKAGE_NAME ""
| #define PACKAGE_TARNAME ""
| #define PACKAGE_VERSION ""
| #define PACKAGE_STRING ""
| #define PACKAGE_BUGREPORT ""
| #define PACKAGE_URL ""
| #define PACKAGE "audiere"
| #define VERSION "1.9.4"
| #define STDC_HEADERS 1
| #define HAVE_SYS_TYPES_H 1
| #define HAVE_SYS_STAT_H 1
| #define HAVE_STDLIB_H 1
| #define HAVE_STRING_H 1
| #define HAVE_MEMORY_H 1
| #define HAVE_STRINGS_H 1
| #define HAVE_INTTYPES_H 1
| #define HAVE_STDINT_H 1
| #define HAVE_UNISTD_H 1
| #define HAVE_DLFCN_H 1
| #define NO_FLAC 1
| #define NO_DUMB 1
| #define HAVE_CLOCK_GETTIME 1
| #define HAVE_WXWINDOWS 1
| #define STDC_HEADERS 1
| #define HAVE_OSS 1
| /* end confdefs.h.  */
| #include <speex.h>
configure:20016: result: no
configure:20016: checking for speex.h
configure:20016: result: no
configure:20024: WARNING: Could not find speex header.  You do not appear to have libspeex installed.
Get libspeex from http://www.speex.org/
configure:20027: WARNING: Disabling speex support.
configure:20045: checking dsound.h usability
configure:20045: g++ -c -g -O2 -Wall -Wno-non-virtual-dtor  conftest.cpp >&5
conftest.cpp:62:20: fatal error: dsound.h: No such file or directory
 #include <dsound.h>
                    ^
compilation terminated.
configure:20045: $? = 1
configure: failed program was:
| /* confdefs.h */
| #define PACKAGE_NAME ""
| #define PACKAGE_TARNAME ""
| #define PACKAGE_VERSION ""
| #define PACKAGE_STRING ""
| #define PACKAGE_BUGREPORT ""
| #define PACKAGE_URL ""
| #define PACKAGE "audiere"
| #define VERSION "1.9.4"
| #define STDC_HEADERS 1
| #define HAVE_SYS_TYPES_H 1
| #define HAVE_SYS_STAT_H 1
| #define HAVE_STDLIB_H 1
| #define HAVE_STRING_H 1
| #define HAVE_MEMORY_H 1
| #define HAVE_STRINGS_H 1
| #define HAVE_INTTYPES_H 1
| #define HAVE_STDINT_H 1
| #define HAVE_UNISTD_H 1
| #define HAVE_DLFCN_H 1
| #define NO_FLAC 1
| #define NO_DUMB 1
| #define HAVE_CLOCK_GETTIME 1
| #define HAVE_WXWINDOWS 1
| #define STDC_HEADERS 1
| #define HAVE_OSS 1
| #define NO_SPEEX 1
| /* end confdefs.h.  */
| #include <stdio.h>
| #ifdef HAVE_SYS_TYPES_H
| # include <sys/types.h>
| #endif
| #ifdef HAVE_SYS_STAT_H
| # include <sys/stat.h>
| #endif
| #ifdef STDC_HEADERS
| # include <stdlib.h>
| # include <stddef.h>
| #else
| # ifdef HAVE_STDLIB_H
| #  include <stdlib.h>
| # endif
| #endif
| #ifdef HAVE_STRING_H
| # if !defined STDC_HEADERS && defined HAVE_MEMORY_H
| #  include <memory.h>
| # endif
| # include <string.h>
| #endif
| #ifdef HAVE_STRINGS_H
| # include <strings.h>
| #endif
| #ifdef HAVE_INTTYPES_H
| # include <inttypes.h>
| #endif
| #ifdef HAVE_STDINT_H
| # include <stdint.h>
| #endif
| #ifdef HAVE_UNISTD_H
| # include <unistd.h>
| #endif
| #include <dsound.h>
configure:20045: result: no
configure:20045: checking dsound.h presence
configure:20045: g++ -E  conftest.cpp
conftest.cpp:29:20: fatal error: dsound.h: No such file or directory
 #include <dsound.h>
                    ^
compilation terminated.
configure:20045: $? = 1
configure: failed program was:
| /* confdefs.h */
| #define PACKAGE_NAME ""
| #define PACKAGE_TARNAME ""
| #define PACKAGE_VERSION ""
| #define PACKAGE_STRING ""
| #define PACKAGE_BUGREPORT ""
| #define PACKAGE_URL ""
| #define PACKAGE "audiere"
| #define VERSION "1.9.4"
| #define STDC_HEADERS 1
| #define HAVE_SYS_TYPES_H 1
| #define HAVE_SYS_STAT_H 1
| #define HAVE_STDLIB_H 1
| #define HAVE_STRING_H 1
| #define HAVE_MEMORY_H 1
| #define HAVE_STRINGS_H 1
| #define HAVE_INTTYPES_H 1
| #define HAVE_STDINT_H 1
| #define HAVE_UNISTD_H 1
| #define HAVE_DLFCN_H 1
| #define NO_FLAC 1
| #define NO_DUMB 1
| #define HAVE_CLOCK_GETTIME 1
| #define HAVE_WXWINDOWS 1
| #define STDC_HEADERS 1
| #define HAVE_OSS 1
| #define NO_SPEEX 1
| /* end confdefs.h.  */
| #include <dsound.h>
configure:20045: result: no
configure:20045: checking for dsound.h
configure:20045: result: no
configure:20066: checking for mmsystem.h
configure:20066: g++ -c -g -O2 -Wall -Wno-non-virtual-dtor  conftest.cpp >&5
conftest.cpp:29:21: fatal error: windows.h: No such file or directory
 #include <windows.h>
                     ^
compilation terminated.
configure:20066: $? = 1
configure: failed program was:
| /* confdefs.h */
| #define PACKAGE_NAME ""
| #define PACKAGE_TARNAME ""
| #define PACKAGE_VERSION ""
| #define PACKAGE_STRING ""
| #define PACKAGE_BUGREPORT ""
| #define PACKAGE_URL ""
| #define PACKAGE "audiere"
| #define VERSION "1.9.4"
| #define STDC_HEADERS 1
| #define HAVE_SYS_TYPES_H 1
| #define HAVE_SYS_STAT_H 1
| #define HAVE_STDLIB_H 1
| #define HAVE_STRING_H 1
| #define HAVE_MEMORY_H 1
| #define HAVE_STRINGS_H 1
| #define HAVE_INTTYPES_H 1
| #define HAVE_STDINT_H 1
| #define HAVE_UNISTD_H 1
| #define HAVE_DLFCN_H 1
| #define NO_FLAC 1
| #define NO_DUMB 1
| #define HAVE_CLOCK_GETTIME 1
| #define HAVE_WXWINDOWS 1
| #define STDC_HEADERS 1
| #define HAVE_OSS 1
| #define NO_SPEEX 1
| /* end confdefs.h.  */
| #include <windows.h>
| 
| #include <mmsystem.h>
configure:20066: result: no
configure:20090: checking whether byte ordering is bigendian
configure:20105: g++ -c -g -O2 -Wall -Wno-non-virtual-dtor  conftest.cpp >&5
conftest.cpp:30:9: error: expected unqualified-id before 'not' token
         not a universal capable compiler
         ^
configure:20105: $? = 1
configure: failed program was:
| /* confdefs.h */
| #define PACKAGE_NAME ""
| #define PACKAGE_TARNAME ""
| #define PACKAGE_VERSION ""
| #define PACKAGE_STRING ""
| #define PACKAGE_BUGREPORT ""
| #define PACKAGE_URL ""
| #define PACKAGE "audiere"
| #define VERSION "1.9.4"
| #define STDC_HEADERS 1
| #define HAVE_SYS_TYPES_H 1
| #define HAVE_SYS_STAT_H 1
| #define HAVE_STDLIB_H 1
| #define HAVE_STRING_H 1
| #define HAVE_MEMORY_H 1
| #define HAVE_STRINGS_H 1
| #define HAVE_INTTYPES_H 1
| #define HAVE_STDINT_H 1
| #define HAVE_UNISTD_H 1
| #define HAVE_DLFCN_H 1
| #define NO_FLAC 1
| #define NO_DUMB 1
| #define HAVE_CLOCK_GETTIME 1
| #define HAVE_WXWINDOWS 1
| #define STDC_HEADERS 1
| #define HAVE_OSS 1
| #define NO_SPEEX 1
| /* end confdefs.h.  */
| #ifndef __APPLE_CC__
| 	       not a universal capable compiler
| 	     #endif
| 	     typedef int dummy;
| 
configure:20150: g++ -c -g -O2 -Wall -Wno-non-virtual-dtor  conftest.cpp >&5
configure:20150: $? = 0
configure:20168: g++ -c -g -O2 -Wall -Wno-non-virtual-dtor  conftest.cpp >&5
conftest.cpp: In function 'int main()':
conftest.cpp:36:8: error: 'big' was not declared in this scope
    not big endian
        ^
conftest.cpp:36:12: error: expected ';' before 'endian'
    not big endian
            ^
configure:20168: $? = 1
configure: failed program was:
| /* confdefs.h */
| #define PACKAGE_NAME ""
| #define PACKAGE_TARNAME ""
| #define PACKAGE_VERSION ""
| #define PACKAGE_STRING ""
| #define PACKAGE_BUGREPORT ""
| #define PACKAGE_URL ""
| #define PACKAGE "audiere"
| #define VERSION "1.9.4"
| #define STDC_HEADERS 1
| #define HAVE_SYS_TYPES_H 1
| #define HAVE_SYS_STAT_H 1
| #define HAVE_STDLIB_H 1
| #define HAVE_STRING_H 1
| #define HAVE_MEMORY_H 1
| #define HAVE_STRINGS_H 1
| #define HAVE_INTTYPES_H 1
| #define HAVE_STDINT_H 1
| #define HAVE_UNISTD_H 1
| #define HAVE_DLFCN_H 1
| #define NO_FLAC 1
| #define NO_DUMB 1
| #define HAVE_CLOCK_GETTIME 1
| #define HAVE_WXWINDOWS 1
| #define STDC_HEADERS 1
| #define HAVE_OSS 1
| #define NO_SPEEX 1
| /* end confdefs.h.  */
| #include <sys/types.h>
| 		#include <sys/param.h>
| 
| int
| main ()
| {
| #if BYTE_ORDER != BIG_ENDIAN
| 		 not big endian
| 		#endif
| 
|   ;
|   return 0;
| }
configure:20296: result: no
configure:20525: creating ./config.status

## ---------------- ##
## Cache variables. ##
## ---------------- ##

ac_cv_build=x86_64-unknown-linux-gnu
ac_cv_c_bigendian=no
ac_cv_c_compiler_gnu=yes
ac_cv_cxx_compiler_gnu=yes
ac_cv_env_CCC_set=
ac_cv_env_CCC_value=
ac_cv_env_CC_set=
ac_cv_env_CC_value=
ac_cv_env_CFLAGS_set=
ac_cv_env_CFLAGS_value=
ac_cv_env_CPPFLAGS_set=
ac_cv_env_CPPFLAGS_value=
ac_cv_env_CPP_set=
ac_cv_env_CPP_value=
ac_cv_env_CXXCPP_set=
ac_cv_env_CXXCPP_value=
ac_cv_env_CXXFLAGS_set=
ac_cv_env_CXXFLAGS_value=
ac_cv_env_CXX_set=
ac_cv_env_CXX_value=
ac_cv_env_F77_set=
ac_cv_env_F77_value=
ac_cv_env_FFLAGS_set=
ac_cv_env_FFLAGS_value=
ac_cv_env_LDFLAGS_set=
ac_cv_env_LDFLAGS_value=
ac_cv_env_LIBS_set=
ac_cv_env_LIBS_value=
ac_cv_env_build_alias_set=
ac_cv_env_build_alias_value=
ac_cv_env_host_alias_set=
ac_cv_env_host_alias_value=
ac_cv_env_target_alias_set=
ac_cv_env_target_alias_value=
ac_cv_f77_compiler_gnu=no
ac_cv_header_dlfcn_h=yes
ac_cv_header_dsound_h=no
ac_cv_header_inttypes_h=yes
ac_cv_header_memory_h=yes
ac_cv_header_mmsystem_h=no
ac_cv_header_speex_h=no
ac_cv_header_stdc=yes
ac_cv_header_stdint_h=yes
ac_cv_header_stdlib_h=yes
ac_cv_header_string_h=yes
ac_cv_header_strings_h=yes
ac_cv_header_sys_soundcard_h=yes
ac_cv_header_sys_stat_h=yes
ac_cv_header_sys_types_h=yes
ac_cv_header_unistd_h=yes
ac_cv_header_vorbis_vorbisfile_h=yes
ac_cv_host=x86_64-unknown-linux-gnu
ac_cv_lib_FLAC_FLAC__seekable_stream_decoder_process_single=no
ac_cv_lib_audio_alNewConfig=no
ac_cv_lib_cdaudio_cd_init_device=no
ac_cv_lib_dumb_duh_start_renderer=no
ac_cv_lib_pthread_pthread_create=yes
ac_cv_objext=o
ac_cv_path_EGREP='/usr/bin/grep -E'
ac_cv_path_GREP=/usr/bin/grep
ac_cv_path_WX_CONFIG=/usr/bin/wx-config
ac_cv_path_install='/usr/bin/install -c'
ac_cv_prog_AWK=gawk
ac_cv_prog_CPP='gcc -E'
ac_cv_prog_CXXCPP='g++ -E'
ac_cv_prog_ac_ct_AR=ar
ac_cv_prog_ac_ct_CC=gcc
ac_cv_prog_ac_ct_CXX=g++
ac_cv_prog_ac_ct_RANLIB=ranlib
ac_cv_prog_ac_ct_STRIP=strip
ac_cv_prog_cc_c89=
ac_cv_prog_cc_g=yes
ac_cv_prog_cxx_g=yes
ac_cv_prog_f77_g=no
ac_cv_prog_make_make_set=yes
ac_cv_search_clock_gettime='none required'
ac_cv_target=x86_64-unknown-linux-gnu
am_cv_CC_dependencies_compiler_type=gcc3
am_cv_CXX_dependencies_compiler_type=gcc3
lt_cv_deplibs_check_method=pass_all
lt_cv_file_magic_cmd='$MAGIC_CMD'
lt_cv_file_magic_test_file=
lt_cv_ld_reload_flag=-r
lt_cv_objdir=.libs
lt_cv_path_LD=/usr/bin/ld
lt_cv_path_LDCXX='/usr/bin/ld -m elf_x86_64'
lt_cv_path_NM='/usr/bin/nm -B'
lt_cv_path_SED=/usr/bin/sed
lt_cv_prog_compiler_c_o=yes
lt_cv_prog_compiler_c_o_CXX=yes
lt_cv_prog_compiler_rtti_exceptions=no
lt_cv_prog_gnu_ld=yes
lt_cv_prog_gnu_ldcxx=yes
lt_cv_sys_global_symbol_pipe='sed -n -e '\''s/^.*[ 	]\([ABCDGIRSTW][ABCDGIRSTW]*\)[ 	][ 	]*\([_A-Za-z][_A-Za-z0-9]*\)$/\1 \2 \2/p'\'''
lt_cv_sys_global_symbol_to_c_name_address='sed -n -e '\''s/^: \([^ ]*\) $/  {\"\1\", (lt_ptr) 0},/p'\'' -e '\''s/^[BCDEGRST] \([^ ]*\) \([^ ]*\)$/  {"\2", (lt_ptr) \&\2},/p'\'''
lt_cv_sys_global_symbol_to_cdecl='sed -n -e '\''s/^. .* \(.*\)$/extern int \1;/p'\'''
lt_cv_sys_max_cmd_len=32768
lt_lt_cv_prog_compiler_c_o='"yes"'
lt_lt_cv_prog_compiler_c_o_CXX='"yes"'
lt_lt_cv_sys_global_symbol_pipe='"sed -n -e '\''s/^.*[ 	]\\([ABCDGIRSTW][ABCDGIRSTW]*\\)[ 	][ 	]*\\([_A-Za-z][_A-Za-z0-9]*\\)\$/\\1 \\2 \\2/p'\''"'
lt_lt_cv_sys_global_symbol_to_c_name_address='"sed -n -e '\''s/^: \\([^ ]*\\) \$/  {\\\"\\1\\\", (lt_ptr) 0},/p'\'' -e '\''s/^[BCDEGRST] \\([^ ]*\\) \\([^ ]*\\)\$/  {\"\\2\", (lt_ptr) \\&\\2},/p'\''"'
lt_lt_cv_sys_global_symbol_to_cdecl='"sed -n -e '\''s/^. .* \\(.*\\)\$/extern int \\1;/p'\''"'

## ----------------- ##
## Output variables. ##
## ----------------- ##

ACLOCAL='${SHELL} /home/jester/audiere2/audiere/audiere/config/missing --run aclocal-1.9'
AMDEPBACKSLASH='\'
AMDEP_FALSE='#'
AMDEP_TRUE=''
AMTAR='${SHELL} /home/jester/audiere2/audiere/audiere/config/missing --run tar'
AR='ar'
AUTOCONF='${SHELL} /home/jester/audiere2/audiere/audiere/config/missing --run autoconf'
AUTOHEADER='${SHELL} /home/jester/audiere2/audiere/audiere/config/missing --run autoheader'
AUTOMAKE='${SHELL} /home/jester/audiere2/audiere/audiere/config/missing --run automake-1.9'
AWK='gawk'
CC='gcc'
CCDEPMODE='depmode=gcc3'
CFLAGS='-g -O2 -Wall -Wno-non-virtual-dtor'
CPP='gcc -E'
CPPFLAGS=''
CXX='g++'
CXXCPP='g++ -E'
CXXDEPMODE='depmode=gcc3'
CXXFLAGS='-g -O2 -Wall -Wno-non-virtual-dtor'
CYGPATH_W='echo'
DEFS='-DPACKAGE_NAME=\"\" -DPACKAGE_TARNAME=\"\" -DPACKAGE_VERSION=\"\" -DPACKAGE_STRING=\"\" -DPACKAGE_BUGREPORT=\"\" -DPACKAGE_URL=\"\" -DPACKAGE=\"audiere\" -DVERSION=\"1.9.4\" -DSTDC_HEADERS=1 -DHAVE_SYS_TYPES_H=1 -DHAVE_SYS_STAT_H=1 -DHAVE_STDLIB_H=1 -DHAVE_STRING_H=1 -DHAVE_MEMORY_H=1 -DHAVE_STRINGS_H=1 -DHAVE_INTTYPES_H=1 -DHAVE_STDINT_H=1 -DHAVE_UNISTD_H=1 -DHAVE_DLFCN_H=1 -DNO_FLAC=1 -DNO_DUMB=1 -DHAVE_CLOCK_GETTIME=1 -DHAVE_WXWINDOWS=1 -DSTDC_HEADERS=1 -DHAVE_OSS=1 -DNO_SPEEX=1'
DEPDIR='.deps'
ECHO='echo'
ECHO_C=''
ECHO_N='-n'
ECHO_T=''
EGREP='/usr/bin/grep -E'
EXEEXT=''
EXTRA_LIBS='-lvorbisfile -lvorbis -logg -lpthread '
F77=''
FFLAGS=''
GREP='/usr/bin/grep'
HAVE_AL_FALSE=''
HAVE_AL_TRUE='#'
HAVE_DSOUND_FALSE=''
HAVE_DSOUND_TRUE='#'
HAVE_DUMB_FALSE=''
HAVE_DUMB_TRUE='#'
HAVE_FLAC_FALSE=''
HAVE_FLAC_TRUE='#'
HAVE_LIBCDAUDIO_FALSE=''
HAVE_LIBCDAUDIO_TRUE='#'
HAVE_OGG_FALSE='#'
HAVE_OGG_TRUE=''
HAVE_OSS_FALSE='#'
HAVE_OSS_TRUE=''
HAVE_SPEEX_FALSE=''
HAVE_SPEEX_TRUE='#'
HAVE_WINMM_FALSE=''
HAVE_WINMM_TRUE='#'
HAVE_WXWINDOWS_FALSE='#'
HAVE_WXWINDOWS_TRUE=''
INSTALL_DATA='${INSTALL} -m 644'
INSTALL_PROGRAM='${INSTALL}'
INSTALL_SCRIPT='${INSTALL}'
INSTALL_STRIP_PROGRAM='${SHELL} $(install_sh) -c -s'
LDFLAGS=''
LIBOBJS=''
LIBS='-lvorbisfile -lvorbis -logg -lpthread '
LIBTOOL='$(SHELL) $(top_builddir)/libtool'
LN_S='ln -s'
LTLIBOBJS=''
MAKEINFO='${SHELL} /home/jester/audiere2/audiere/audiere/config/missing --run makeinfo'
OBJEXT='o'
PACKAGE='audiere'
PACKAGE_BUGREPORT=''
PACKAGE_NAME=''
PACKAGE_STRING=''
PACKAGE_TARNAME=''
PACKAGE_URL=''
PACKAGE_VERSION=''
PATH_SEPARATOR=':'
RANLIB='ranlib'
SET_MAKE=''
SHELL='/bin/sh'
STRIP='strip'
VERSION='1.9.4'
WORDS_BIGENDIAN=''
WX_CONFIG='/usr/bin/wx-config'
WX_CPPFLAGS='-I/usr/lib/wx/include/gtk2-unicode-release-2.8 -I/usr/include/wx-2.8 -D_FILE_OFFSET_BITS=64 -D_LARGE_FILES -D__WXGTK__ -pthread'
WX_LIBS='-pthread -Wl,-O1,--sort-common,--as-needed,-z,relro  -lwx_gtk2u_richtext-2.8 -lwx_gtk2u_aui-2.8 -lwx_gtk2u_xrc-2.8 -lwx_gtk2u_qa-2.8 -lwx_gtk2u_html-2.8 -lwx_gtk2u_adv-2.8 -lwx_gtk2u_core-2.8 -lwx_baseu_xml-2.8 -lwx_baseu_net-2.8 -lwx_baseu-2.8 '
ac_ct_CC='gcc'
ac_ct_CXX='g++'
ac_ct_F77=''
am__fastdepCC_FALSE='#'
am__fastdepCC_TRUE=''
am__fastdepCXX_FALSE='#'
am__fastdepCXX_TRUE=''
am__include='include'
am__leading_dot='.'
am__quote=''
am__tar='${AMTAR} chof - "$$tardir"'
am__untar='${AMTAR} xf -'
bindir='${exec_prefix}/bin'
build='x86_64-unknown-linux-gnu'
build_alias=''
build_cpu='x86_64'
build_os='linux-gnu'
build_vendor='unknown'
datadir='${datarootdir}'
datarootdir='${prefix}/share'
docdir='${datarootdir}/doc/${PACKAGE}'
dvidir='${docdir}'
exec_prefix='${prefix}'
host='x86_64-unknown-linux-gnu'
host_alias=''
host_cpu='x86_64'
host_os='linux-gnu'
host_vendor='unknown'
htmldir='${docdir}'
includedir='${prefix}/include'
infodir='${datarootdir}/info'
install_sh='/home/jester/audiere2/audiere/audiere/config/install-sh'
libdir='${exec_prefix}/lib'
libexecdir='${exec_prefix}/libexec'
localedir='${datarootdir}/locale'
localstatedir='${prefix}/var'
mandir='${datarootdir}/man'
mkdir_p='mkdir -p --'
oldincludedir='/usr/include'
pdfdir='${docdir}'
prefix='/usr/local'
program_transform_name='s,x,x,'
psdir='${docdir}'
sbindir='${exec_prefix}/sbin'
sharedstatedir='${prefix}/com'
sysconfdir='${prefix}/etc'
target='x86_64-unknown-linux-gnu'
target_alias=''
target_cpu='x86_64'
target_os='linux-gnu'
target_vendor='unknown'

## ----------- ##
## confdefs.h. ##
## ----------- ##

/* confdefs.h */
#define PACKAGE_NAME ""
#define PACKAGE_TARNAME ""
#define PACKAGE_VERSION ""
#define PACKAGE_STRING ""
#define PACKAGE_BUGREPORT ""
#define PACKAGE_URL ""
#define PACKAGE "audiere"
#define VERSION "1.9.4"
#define STDC_HEADERS 1
#define HAVE_SYS_TYPES_H 1
#define HAVE_SYS_STAT_H 1
#define HAVE_STDLIB_H 1
#define HAVE_STRING_H 1
#define HAVE_MEMORY_H 1
#define HAVE_STRINGS_H 1
#define HAVE_INTTYPES_H 1
#define HAVE_STDINT_H 1
#define HAVE_UNISTD_H 1
#define HAVE_DLFCN_H 1
#define NO_FLAC 1
#define NO_DUMB 1
#define HAVE_CLOCK_GETTIME 1
#define HAVE_WXWINDOWS 1
#define STDC_HEADERS 1
#define HAVE_OSS 1
#define NO_SPEEX 1

configure: exit 0

## ---------------------- ##
## Running config.status. ##
## ---------------------- ##

This file was extended by config.status, which was
generated by GNU Autoconf 2.69.  Invocation command line was

  CONFIG_FILES    = 
  CONFIG_HEADERS  = 
  CONFIG_LINKS    = 
  CONFIG_COMMANDS = 
  $ ./config.status 

on gremlin

config.status:835: creating audiere-config
config.status:835: creating Makefile
config.status:938: WARNING:  'Makefile.in' seems to ignore the --datarootdir setting
config.status:835: creating doc/Makefile
config.status:938: WARNING:  'doc/Makefile.in' seems to ignore the --datarootdir setting
config.status:835: creating examples/Makefile
config.status:938: WARNING:  'examples/Makefile.in' seems to ignore the --datarootdir setting
config.status:835: creating examples/simple/Makefile
config.status:938: WARNING:  'examples/simple/Makefile.in' seems to ignore the --datarootdir setting
config.status:835: creating examples/wxPlayer/Makefile
config.status:938: WARNING:  'examples/wxPlayer/Makefile.in' seems to ignore the --datarootdir setting
config.status:835: creating src/Makefile
config.status:938: WARNING:  'src/Makefile.in' seems to ignore the --datarootdir setting
config.status:835: creating src/mpaudec/Makefile
config.status:938: WARNING:  'src/mpaudec/Makefile.in' seems to ignore the --datarootdir setting
config.status:835: creating test/Makefile
config.status:938: WARNING:  'test/Makefile.in' seems to ignore the --datarootdir setting
config.status:835: creating test/buffer/Makefile
config.status:938: WARNING:  'test/buffer/Makefile.in' seems to ignore the --datarootdir setting
config.status:835: creating test/callback/Makefile
config.status:938: WARNING:  'test/callback/Makefile.in' seems to ignore the --datarootdir setting
config.status:835: creating test/device/Makefile
config.status:938: WARNING:  'test/device/Makefile.in' seems to ignore the --datarootdir setting
config.status:835: creating test/formats/Makefile
config.status:938: WARNING:  'test/formats/Makefile.in' seems to ignore the --datarootdir setting
config.status:835: creating test/interactive/Makefile
config.status:938: WARNING:  'test/interactive/Makefile.in' seems to ignore the --datarootdir setting
config.status:835: creating test/performance/Makefile
config.status:938: WARNING:  'test/performance/Makefile.in' seems to ignore the --datarootdir setting
config.status:1001: executing depfiles commands
config.status:1001: executing default commands
